This file contains any messages produced by compilers while
running configure, to aid debugging if configure makes a mistake.

It was created by v4l2grab configure 0.4.1-19-gf8d8844, which was
generated by GNU Autoconf 2.69.  Invocation command line was

  $ ./configure 

## --------- ##
## Platform. ##
## --------- ##

hostname = beaglebone
uname -m = armv7l
uname -r = 4.4.36-ti-r72
uname -s = Linux
uname -v = #1 SMP Wed Dec 7 22:29:53 UTC 2016

/usr/bin/uname -p = unknown
/bin/uname -X     = unknown

/bin/arch              = unknown
/usr/bin/arch -k       = unknown
/usr/convex/getsysinfo = unknown
/usr/bin/hostinfo      = unknown
/bin/machine           = unknown
/usr/bin/oslevel       = unknown
/bin/universe          = unknown

PATH: /usr/local/sbin
PATH: /usr/local/bin
PATH: /usr/sbin
PATH: /usr/bin
PATH: /sbin
PATH: /bin


## ----------- ##
## Core tests. ##
## ----------- ##

configure:2244: checking for a BSD-compatible install
configure:2312: result: /usr/bin/install -c
configure:2323: checking whether build environment is sane
configure:2378: result: yes
configure:2529: checking for a thread-safe mkdir -p
configure:2568: result: /bin/mkdir -p
configure:2575: checking for gawk
configure:2605: result: no
configure:2575: checking for mawk
configure:2591: found /usr/bin/mawk
configure:2602: result: mawk
configure:2613: checking whether make sets $(MAKE)
configure:2635: result: yes
configure:2664: checking whether make supports nested variables
configure:2681: result: yes
configure:2863: checking for gcc
configure:2879: found /usr/bin/gcc
configure:2890: result: gcc
configure:3119: checking for C compiler version
configure:3128: gcc --version >&5
gcc (Debian 4.9.2-10) 4.9.2
Copyright (C) 2014 Free Software Foundation, Inc.
This is free software; see the source for copying conditions.  There is NO
warranty; not even for MERCHANTABILITY or FITNESS FOR A PARTICULAR PURPOSE.

configure:3139: $? = 0
configure:3128: gcc -v >&5
Using built-in specs.
COLLECT_GCC=gcc
COLLECT_LTO_WRAPPER=/usr/lib/gcc/arm-linux-gnueabihf/4.9/lto-wrapper
Target: arm-linux-gnueabihf
Configured with: ../src/configure -v --with-pkgversion='Debian 4.9.2-10' --with-bugurl=file:///usr/share/doc/gcc-4.9/README.Bugs --enable-languages=c,c++,java,go,d,fortran,objc,obj-c++ --prefix=/usr --program-suffix=-4.9 --enable-shared --enable-linker-build-id --libexecdir=/usr/lib --without-included-gettext --enable-threads=posix --with-gxx-include-dir=/usr/include/c++/4.9 --libdir=/usr/lib --enable-nls --with-sysroot=/ --enable-clocale=gnu --enable-libstdcxx-debug --enable-libstdcxx-time=yes --enable-gnu-unique-object --disable-libitm --disable-libquadmath --enable-plugin --with-system-zlib --disable-browser-plugin --enable-java-awt=gtk --enable-gtk-cairo --with-java-home=/usr/lib/jvm/java-1.5.0-gcj-4.9-armhf/jre --enable-java-home --with-jvm-root-dir=/usr/lib/jvm/java-1.5.0-gcj-4.9-armhf --with-jvm-jar-dir=/usr/lib/jvm-exports/java-1.5.0-gcj-4.9-armhf --with-arch-directory=arm --with-ecj-jar=/usr/share/java/eclipse-ecj.jar --enable-objc-gc --enable-multiarch --disable-sjlj-exceptions --with-arch=armv7-a --with-fpu=vfpv3-d16 --with-float=hard --with-mode=thumb --enable-checking=release --build=arm-linux-gnueabihf --host=arm-linux-gnueabihf --target=arm-linux-gnueabihf
Thread model: posix
gcc version 4.9.2 (Debian 4.9.2-10) 
configure:3139: $? = 0
configure:3128: gcc -V >&5
gcc: error: unrecognized command line option '-V'
gcc: fatal error: no input files
compilation terminated.
configure:3139: $? = 4
configure:3128: gcc -qversion >&5
gcc: error: unrecognized command line option '-qversion'
gcc: fatal error: no input files
compilation terminated.
configure:3139: $? = 4
configure:3159: checking whether the C compiler works
configure:3181: gcc    conftest.c  >&5
configure:3185: $? = 0
configure:3233: result: yes
configure:3236: checking for C compiler default output file name
configure:3238: result: a.out
configure:3244: checking for suffix of executables
configure:3251: gcc -o conftest    conftest.c  >&5
configure:3255: $? = 0
configure:3277: result: 
configure:3299: checking whether we are cross compiling
configure:3307: gcc -o conftest    conftest.c  >&5
configure:3311: $? = 0
configure:3318: ./conftest
configure:3322: $? = 0
configure:3337: result: no
configure:3342: checking for suffix of object files
configure:3364: gcc -c   conftest.c >&5
configure:3368: $? = 0
configure:3389: result: o
configure:3393: checking whether we are using the GNU C compiler
configure:3412: gcc -c   conftest.c >&5
configure:3412: $? = 0
configure:3421: result: yes
configure:3430: checking whether gcc accepts -g
configure:3450: gcc -c -g  conftest.c >&5
configure:3450: $? = 0
configure:3491: result: yes
configure:3508: checking for gcc option to accept ISO C89
configure:3571: gcc  -c -g -O2  conftest.c >&5
configure:3571: $? = 0
configure:3584: result: none needed
configure:3609: checking whether gcc understands -c and -o together
configure:3631: gcc -c conftest.c -o conftest2.o
configure:3634: $? = 0
configure:3631: gcc -c conftest.c -o conftest2.o
configure:3634: $? = 0
configure:3646: result: yes
configure:3674: checking for style of include used by make
configure:3702: result: GNU
configure:3728: checking dependency style of gcc
configure:3839: result: gcc3
configure:3857: checking for jpeg_start_compress in -ljpeg
configure:3882: gcc -o conftest -g -O2   conftest.c -ljpeg   >&5
configure:3882: $? = 0
configure:3891: result: yes
configure:3902: checking for v4l2_open in -lv4l2
configure:3927: gcc -o conftest -g -O2   conftest.c -lv4l2  -ljpeg  >&5
configure:3927: $? = 0
configure:3936: result: yes
configure:3947: checking for library containing clock_gettime
configure:3978: gcc -o conftest -g -O2   conftest.c -lv4l2 -ljpeg  >&5
configure:3978: $? = 0
configure:3995: result: none required
configure:4012: checking how to run the C preprocessor
configure:4043: gcc -E  conftest.c
configure:4043: $? = 0
configure:4057: gcc -E  conftest.c
conftest.c:13:28: fatal error: ac_nonexistent.h: No such file or directory
 #include <ac_nonexistent.h>
                            ^
compilation terminated.
configure:4057: $? = 1
configure: failed program was:
| /* confdefs.h */
| #define PACKAGE_NAME "v4l2grab"
| #define PACKAGE_TARNAME "v4l2grab"
| #define PACKAGE_VERSION "0.4.1-19-gf8d8844"
| #define PACKAGE_STRING "v4l2grab 0.4.1-19-gf8d8844"
| #define PACKAGE_BUGREPORT "Tobias_Mueller@twam.info"
| #define PACKAGE_URL ""
| #define PACKAGE "v4l2grab"
| #define VERSION "0.4.1-19-gf8d8844"
| #define HAVE_LIBJPEG 1
| #define HAVE_LIBV4L2 1
| /* end confdefs.h.  */
| #include <ac_nonexistent.h>
configure:4082: result: gcc -E
configure:4102: gcc -E  conftest.c
configure:4102: $? = 0
configure:4116: gcc -E  conftest.c
conftest.c:13:28: fatal error: ac_nonexistent.h: No such file or directory
 #include <ac_nonexistent.h>
                            ^
compilation terminated.
configure:4116: $? = 1
configure: failed program was:
| /* confdefs.h */
| #define PACKAGE_NAME "v4l2grab"
| #define PACKAGE_TARNAME "v4l2grab"
| #define PACKAGE_VERSION "0.4.1-19-gf8d8844"
| #define PACKAGE_STRING "v4l2grab 0.4.1-19-gf8d8844"
| #define PACKAGE_BUGREPORT "Tobias_Mueller@twam.info"
| #define PACKAGE_URL ""
| #define PACKAGE "v4l2grab"
| #define VERSION "0.4.1-19-gf8d8844"
| #define HAVE_LIBJPEG 1
| #define HAVE_LIBV4L2 1
| /* end confdefs.h.  */
| #include <ac_nonexistent.h>
configure:4145: checking for grep that handles long lines and -e
configure:4203: result: /bin/grep
configure:4208: checking for egrep
configure:4270: result: /bin/grep -E
configure:4275: checking for ANSI C header files
configure:4295: gcc -c -g -O2  conftest.c >&5
configure:4295: $? = 0
configure:4368: gcc -o conftest -g -O2   conftest.c -lv4l2 -ljpeg  >&5
configure:4368: $? = 0
configure:4368: ./conftest
configure:4368: $? = 0
configure:4379: result: yes
configure:4392: checking for sys/types.h
configure:4392: gcc -c -g -O2  conftest.c >&5
configure:4392: $? = 0
configure:4392: result: yes
configure:4392: checking for sys/stat.h
configure:4392: gcc -c -g -O2  conftest.c >&5
configure:4392: $? = 0
configure:4392: result: yes
configure:4392: checking for stdlib.h
configure:4392: gcc -c -g -O2  conftest.c >&5
configure:4392: $? = 0
configure:4392: result: yes
configure:4392: checking for string.h
configure:4392: gcc -c -g -O2  conftest.c >&5
configure:4392: $? = 0
configure:4392: result: yes
configure:4392: checking for memory.h
configure:4392: gcc -c -g -O2  conftest.c >&5
configure:4392: $? = 0
configure:4392: result: yes
configure:4392: checking for strings.h
configure:4392: gcc -c -g -O2  conftest.c >&5
configure:4392: $? = 0
configure:4392: result: yes
configure:4392: checking for inttypes.h
configure:4392: gcc -c -g -O2  conftest.c >&5
configure:4392: $? = 0
configure:4392: result: yes
configure:4392: checking for stdint.h
configure:4392: gcc -c -g -O2  conftest.c >&5
configure:4392: $? = 0
configure:4392: result: yes
configure:4392: checking for unistd.h
configure:4392: gcc -c -g -O2  conftest.c >&5
configure:4392: $? = 0
configure:4392: result: yes
configure:4407: checking fcntl.h usability
configure:4407: gcc -c -g -O2  conftest.c >&5
configure:4407: $? = 0
configure:4407: result: yes
configure:4407: checking fcntl.h presence
configure:4407: gcc -E  conftest.c
configure:4407: $? = 0
configure:4407: result: yes
configure:4407: checking for fcntl.h
configure:4407: result: yes
configure:4407: checking malloc.h usability
configure:4407: gcc -c -g -O2  conftest.c >&5
configure:4407: $? = 0
configure:4407: result: yes
configure:4407: checking malloc.h presence
configure:4407: gcc -E  conftest.c
configure:4407: $? = 0
configure:4407: result: yes
configure:4407: checking for malloc.h
configure:4407: result: yes
configure:4407: checking for stdlib.h
configure:4407: result: yes
configure:4407: checking for string.h
configure:4407: result: yes
configure:4407: checking sys/ioctl.h usability
configure:4407: gcc -c -g -O2  conftest.c >&5
configure:4407: $? = 0
configure:4407: result: yes
configure:4407: checking sys/ioctl.h presence
configure:4407: gcc -E  conftest.c
configure:4407: $? = 0
configure:4407: result: yes
configure:4407: checking for sys/ioctl.h
configure:4407: result: yes
configure:4407: checking sys/time.h usability
configure:4407: gcc -c -g -O2  conftest.c >&5
configure:4407: $? = 0
configure:4407: result: yes
configure:4407: checking sys/time.h presence
configure:4407: gcc -E  conftest.c
configure:4407: $? = 0
configure:4407: result: yes
configure:4407: checking for sys/time.h
configure:4407: result: yes
configure:4407: checking for unistd.h
configure:4407: result: yes
configure:4419: checking for size_t
configure:4419: gcc -c -g -O2  conftest.c >&5
configure:4419: $? = 0
configure:4419: gcc -c -g -O2  conftest.c >&5
conftest.c: In function 'main':
conftest.c:66:21: error: expected expression before ')' token
 if (sizeof ((size_t)))
                     ^
configure:4419: $? = 1
configure: failed program was:
| /* confdefs.h */
| #define PACKAGE_NAME "v4l2grab"
| #define PACKAGE_TARNAME "v4l2grab"
| #define PACKAGE_VERSION "0.4.1-19-gf8d8844"
| #define PACKAGE_STRING "v4l2grab 0.4.1-19-gf8d8844"
| #define PACKAGE_BUGREPORT "Tobias_Mueller@twam.info"
| #define PACKAGE_URL ""
| #define PACKAGE "v4l2grab"
| #define VERSION "0.4.1-19-gf8d8844"
| #define HAVE_LIBJPEG 1
| #define HAVE_LIBV4L2 1
| #define STDC_HEADERS 1
| #define HAVE_SYS_TYPES_H 1
| #define HAVE_SYS_STAT_H 1
| #define HAVE_STDLIB_H 1
| #define HAVE_STRING_H 1
| #define HAVE_MEMORY_H 1
| #define HAVE_STRINGS_H 1
| #define HAVE_INTTYPES_H 1
| #define HAVE_STDINT_H 1
| #define HAVE_UNISTD_H 1
| #define HAVE_FCNTL_H 1
| #define HAVE_MALLOC_H 1
| #define HAVE_STDLIB_H 1
| #define HAVE_STRING_H 1
| #define HAVE_SYS_IOCTL_H 1
| #define HAVE_SYS_TIME_H 1
| #define HAVE_UNISTD_H 1
| /* end confdefs.h.  */
| #include <stdio.h>
| #ifdef HAVE_SYS_TYPES_H
| # include <sys/types.h>
| #endif
| #ifdef HAVE_SYS_STAT_H
| # include <sys/stat.h>
| #endif
| #ifdef STDC_HEADERS
| # include <stdlib.h>
| # include <stddef.h>
| #else
| # ifdef HAVE_STDLIB_H
| #  include <stdlib.h>
| # endif
| #endif
| #ifdef HAVE_STRING_H
| # if !defined STDC_HEADERS && defined HAVE_MEMORY_H
| #  include <memory.h>
| # endif
| # include <string.h>
| #endif
| #ifdef HAVE_STRINGS_H
| # include <strings.h>
| #endif
| #ifdef HAVE_INTTYPES_H
| # include <inttypes.h>
| #endif
| #ifdef HAVE_STDINT_H
| # include <stdint.h>
| #endif
| #ifdef HAVE_UNISTD_H
| # include <unistd.h>
| #endif
| int
| main ()
| {
| if (sizeof ((size_t)))
| 	    return 0;
|   ;
|   return 0;
| }
configure:4419: result: yes
configure:4434: checking for stdlib.h
configure:4434: result: yes
configure:4444: checking for GNU libc compatible malloc
configure:4468: gcc -o conftest -g -O2   conftest.c -lv4l2 -ljpeg  >&5
configure:4468: $? = 0
configure:4468: ./conftest
configure:4468: $? = 0
configure:4478: result: yes
configure:4502: checking for getpagesize
configure:4502: gcc -o conftest -g -O2   conftest.c -lv4l2 -ljpeg  >&5
configure:4502: $? = 0
configure:4502: result: yes
configure:4502: checking for select
configure:4502: gcc -o conftest -g -O2   conftest.c -lv4l2 -ljpeg  >&5
configure:4502: $? = 0
configure:4502: result: yes
configure:4502: checking for strerror
configure:4502: gcc -o conftest -g -O2   conftest.c -lv4l2 -ljpeg  >&5
configure:4502: $? = 0
configure:4502: result: yes
configure:4513: checking for clock_gettime
configure:4513: gcc -o conftest -g -O2   conftest.c -lv4l2 -ljpeg  >&5
configure:4513: $? = 0
configure:4513: result: yes
configure:4632: checking that generated files are newer than configure
configure:4638: result: done
configure:4661: creating ./config.status

## ---------------------- ##
## Running config.status. ##
## ---------------------- ##

This file was extended by v4l2grab config.status 0.4.1-19-gf8d8844, which was
generated by GNU Autoconf 2.69.  Invocation command line was

  CONFIG_FILES    = 
  CONFIG_HEADERS  = 
  CONFIG_LINKS    = 
  CONFIG_COMMANDS = 
  $ ./config.status 

on beaglebone

config.status:867: creating Makefile
config.status:867: creating config.h
config.status:1096: executing depfiles commands

## ---------------- ##
## Cache variables. ##
## ---------------- ##

ac_cv_c_compiler_gnu=yes
ac_cv_env_CC_set=
ac_cv_env_CC_value=
ac_cv_env_CFLAGS_set=
ac_cv_env_CFLAGS_value=
ac_cv_env_CPPFLAGS_set=
ac_cv_env_CPPFLAGS_value=
ac_cv_env_CPP_set=
ac_cv_env_CPP_value=
ac_cv_env_LDFLAGS_set=
ac_cv_env_LDFLAGS_value=
ac_cv_env_LIBS_set=
ac_cv_env_LIBS_value=
ac_cv_env_build_alias_set=
ac_cv_env_build_alias_value=
ac_cv_env_host_alias_set=
ac_cv_env_host_alias_value=
ac_cv_env_target_alias_set=
ac_cv_env_target_alias_value=
ac_cv_func_clock_gettime=yes
ac_cv_func_getpagesize=yes
ac_cv_func_malloc_0_nonnull=yes
ac_cv_func_select=yes
ac_cv_func_strerror=yes
ac_cv_header_fcntl_h=yes
ac_cv_header_inttypes_h=yes
ac_cv_header_malloc_h=yes
ac_cv_header_memory_h=yes
ac_cv_header_stdc=yes
ac_cv_header_stdint_h=yes
ac_cv_header_stdlib_h=yes
ac_cv_header_string_h=yes
ac_cv_header_strings_h=yes
ac_cv_header_sys_ioctl_h=yes
ac_cv_header_sys_stat_h=yes
ac_cv_header_sys_time_h=yes
ac_cv_header_sys_types_h=yes
ac_cv_header_unistd_h=yes
ac_cv_lib_jpeg_jpeg_start_compress=yes
ac_cv_lib_v4l2_v4l2_open=yes
ac_cv_objext=o
ac_cv_path_EGREP='/bin/grep -E'
ac_cv_path_GREP=/bin/grep
ac_cv_path_install='/usr/bin/install -c'
ac_cv_path_mkdir=/bin/mkdir
ac_cv_prog_AWK=mawk
ac_cv_prog_CPP='gcc -E'
ac_cv_prog_ac_ct_CC=gcc
ac_cv_prog_cc_c89=
ac_cv_prog_cc_g=yes
ac_cv_prog_make_make_set=yes
ac_cv_search_clock_gettime='none required'
ac_cv_type_size_t=yes
am_cv_CC_dependencies_compiler_type=gcc3
am_cv_make_support_nested_variables=yes
am_cv_prog_cc_c_o=yes

## ----------------- ##
## Output variables. ##
## ----------------- ##

ACLOCAL='${SHELL} /root/v4l2grab/missing aclocal-1.14'
AMDEPBACKSLASH='\'
AMDEP_FALSE='#'
AMDEP_TRUE=''
AMTAR='$${TAR-tar}'
AM_BACKSLASH='\'
AM_DEFAULT_V='$(AM_DEFAULT_VERBOSITY)'
AM_DEFAULT_VERBOSITY='1'
AM_V='$(V)'
AUTOCONF='${SHELL} /root/v4l2grab/missing autoconf'
AUTOHEADER='${SHELL} /root/v4l2grab/missing autoheader'
AUTOMAKE='${SHELL} /root/v4l2grab/missing automake-1.14'
AWK='mawk'
CC='gcc'
CCDEPMODE='depmode=gcc3'
CFLAGS='-g -O2'
CPP='gcc -E'
CPPFLAGS=''
CYGPATH_W='echo'
DEFS='-DHAVE_CONFIG_H'
DEPDIR='.deps'
ECHO_C=''
ECHO_N='-n'
ECHO_T=''
EGREP='/bin/grep -E'
EXEEXT=''
GREP='/bin/grep'
INSTALL_DATA='${INSTALL} -m 644'
INSTALL_PROGRAM='${INSTALL}'
INSTALL_SCRIPT='${INSTALL}'
INSTALL_STRIP_PROGRAM='$(install_sh) -c -s'
LDFLAGS=''
LIBOBJS=''
LIBS='-lv4l2 -ljpeg '
LTLIBOBJS=''
MAKEINFO='${SHELL} /root/v4l2grab/missing makeinfo'
MKDIR_P='/bin/mkdir -p'
OBJEXT='o'
PACKAGE='v4l2grab'
PACKAGE_BUGREPORT='Tobias_Mueller@twam.info'
PACKAGE_NAME='v4l2grab'
PACKAGE_STRING='v4l2grab 0.4.1-19-gf8d8844'
PACKAGE_TARNAME='v4l2grab'
PACKAGE_URL=''
PACKAGE_VERSION='0.4.1-19-gf8d8844'
PATH_SEPARATOR=':'
SET_MAKE=''
SHELL='/bin/bash'
STRIP=''
VERSION='0.4.1-19-gf8d8844'
ac_ct_CC='gcc'
am__EXEEXT_FALSE=''
am__EXEEXT_TRUE='#'
am__fastdepCC_FALSE='#'
am__fastdepCC_TRUE=''
am__include='include'
am__isrc=''
am__leading_dot='.'
am__nodep='_no'
am__quote=''
am__tar='$${TAR-tar} chof - "$$tardir"'
am__untar='$${TAR-tar} xf -'
bindir='${exec_prefix}/bin'
build_alias=''
datadir='${datarootdir}'
datarootdir='${prefix}/share'
docdir='${datarootdir}/doc/${PACKAGE_TARNAME}'
dvidir='${docdir}'
exec_prefix='${prefix}'
host_alias=''
htmldir='${docdir}'
includedir='${prefix}/include'
infodir='${datarootdir}/info'
install_sh='${SHELL} /root/v4l2grab/install-sh'
libdir='${exec_prefix}/lib'
libexecdir='${exec_prefix}/libexec'
localedir='${datarootdir}/locale'
localstatedir='${prefix}/var'
mandir='${datarootdir}/man'
mkdir_p='$(MKDIR_P)'
oldincludedir='/usr/include'
pdfdir='${docdir}'
prefix='/usr/local'
program_transform_name='s,x,x,'
psdir='${docdir}'
sbindir='${exec_prefix}/sbin'
sharedstatedir='${prefix}/com'
sysconfdir='${prefix}/etc'
target_alias=''

## ----------- ##
## confdefs.h. ##
## ----------- ##

/* confdefs.h */
#define PACKAGE_NAME "v4l2grab"
#define PACKAGE_TARNAME "v4l2grab"
#define PACKAGE_VERSION "0.4.1-19-gf8d8844"
#define PACKAGE_STRING "v4l2grab 0.4.1-19-gf8d8844"
#define PACKAGE_BUGREPORT "Tobias_Mueller@twam.info"
#define PACKAGE_URL ""
#define PACKAGE "v4l2grab"
#define VERSION "0.4.1-19-gf8d8844"
#define HAVE_LIBJPEG 1
#define HAVE_LIBV4L2 1
#define STDC_HEADERS 1
#define HAVE_SYS_TYPES_H 1
#define HAVE_SYS_STAT_H 1
#define HAVE_STDLIB_H 1
#define HAVE_STRING_H 1
#define HAVE_MEMORY_H 1
#define HAVE_STRINGS_H 1
#define HAVE_INTTYPES_H 1
#define HAVE_STDINT_H 1
#define HAVE_UNISTD_H 1
#define HAVE_FCNTL_H 1
#define HAVE_MALLOC_H 1
#define HAVE_STDLIB_H 1
#define HAVE_STRING_H 1
#define HAVE_SYS_IOCTL_H 1
#define HAVE_SYS_TIME_H 1
#define HAVE_UNISTD_H 1
#define HAVE_STDLIB_H 1
#define HAVE_MALLOC 1
#define HAVE_GETPAGESIZE 1
#define HAVE_SELECT 1
#define HAVE_STRERROR 1
#define HAVE_CLOCK_GETTIME 1

configure: exit 0
